<?xml version="1.0" encoding="UTF-8"?>
<testsuite name="com.yerin.book.springbootwebservice.web.HelloControllerTest" tests="2" skipped="0" failures="0" errors="0" timestamp="2023-09-23T12:45:04" hostname="yelong-ui-MacBookAir.local" time="0.076">
  <properties/>
  <testcase name="hello가_리턴된다()" classname="com.yerin.book.springbootwebservice.web.HelloControllerTest" time="0.035"/>
  <testcase name="helloDto가_리턴된다()" classname="com.yerin.book.springbootwebservice.web.HelloControllerTest" time="0.04"/>
  <system-out><![CDATA[2023-09-23T21:45:04.318+09:00  INFO 99288 --- [    Test worker] t.c.s.AnnotationConfigContextLoaderUtils : Could not detect default configuration classes for test class [com.yerin.book.springbootwebservice.web.HelloControllerTest]: HelloControllerTest does not declare any static, non-private, non-final, nested classes annotated with @Configuration.
2023-09-23T21:45:04.331+09:00  INFO 99288 --- [    Test worker] .b.t.c.SpringBootTestContextBootstrapper : Found @SpringBootConfiguration com.yerin.book.springbootwebservice.SpringbootWebserviceApplication for test class com.yerin.book.springbootwebservice.web.HelloControllerTest

  .   ____          _            __ _ _
 /\\ / ___'_ __ _ _(_)_ __  __ _ \ \ \ \
( ( )\___ | '_ | '_| | '_ \/ _` | \ \ \ \
 \\/  ___)| |_)| | | | | || (_| |  ) ) ) )
  '  |____| .__|_| |_|_| |_\__, | / / / /
 =========|_|==============|___/=/_/_/_/
 :: Spring Boot ::                (v3.1.2)

2023-09-23T21:45:04.343+09:00  INFO 99288 --- [    Test worker] c.y.b.s.web.HelloControllerTest          : Starting HelloControllerTest using Java 17.0.7 with PID 99288 (started by yerong in /Users/yerong/study/spring/springboot-webservice)
2023-09-23T21:45:04.343+09:00  INFO 99288 --- [    Test worker] c.y.b.s.web.HelloControllerTest          : No active profile set, falling back to 1 default profile: "default"
2023-09-23T21:45:04.429+09:00  INFO 99288 --- [    Test worker] o.s.b.a.w.s.WelcomePageHandlerMapping    : Adding welcome page template: index
2023-09-23T21:45:04.445+09:00  INFO 99288 --- [    Test worker] o.s.s.web.DefaultSecurityFilterChain     : Will secure any request with [org.springframework.security.web.session.DisableEncodeUrlFilter@39a8905b, org.springframework.security.web.context.request.async.WebAsyncManagerIntegrationFilter@2c8174ce, org.springframework.security.web.context.SecurityContextHolderFilter@23c95292, org.springframework.security.web.header.HeaderWriterFilter@2c75b0c8, org.springframework.security.web.csrf.CsrfFilter@6dbc3756, org.springframework.security.web.authentication.logout.LogoutFilter@40597c95, org.springframework.security.oauth2.client.web.OAuth2AuthorizationRequestRedirectFilter@30b5225b, org.springframework.security.oauth2.client.web.OAuth2AuthorizationRequestRedirectFilter@304f4888, org.springframework.security.oauth2.client.web.OAuth2LoginAuthenticationFilter@3b035d0c, org.springframework.security.web.authentication.ui.DefaultLoginPageGeneratingFilter@18a693de, org.springframework.security.web.authentication.ui.DefaultLogoutPageGeneratingFilter@4e881e14, org.springframework.security.web.savedrequest.RequestCacheAwareFilter@2f43c73a, org.springframework.security.web.servletapi.SecurityContextHolderAwareRequestFilter@19d483dc, org.springframework.security.web.authentication.AnonymousAuthenticationFilter@6e13e2fc, org.springframework.security.oauth2.client.web.OAuth2AuthorizationCodeGrantFilter@470ce6e7, org.springframework.security.web.access.ExceptionTranslationFilter@26a2106e, org.springframework.security.web.access.intercept.AuthorizationFilter@51ba8929]
2023-09-23T21:45:04.463+09:00  INFO 99288 --- [    Test worker] o.s.b.t.m.w.SpringBootMockServletContext : Initializing Spring TestDispatcherServlet ''
2023-09-23T21:45:04.463+09:00  INFO 99288 --- [    Test worker] o.s.t.web.servlet.TestDispatcherServlet  : Initializing Servlet ''
2023-09-23T21:45:04.464+09:00  INFO 99288 --- [    Test worker] o.s.t.web.servlet.TestDispatcherServlet  : Completed initialization in 1 ms
2023-09-23T21:45:04.472+09:00  INFO 99288 --- [    Test worker] c.y.b.s.web.HelloControllerTest          : Started HelloControllerTest in 0.139 seconds (process running for 3.278)
]]></system-out>
  <system-err><![CDATA[]]></system-err>
</testsuite>
