<?xml version="1.0" encoding="UTF-8"?>
<testsuite name="com.yerin.book.springbootwebservice.web.HelloControllerTest" tests="2" skipped="0" failures="0" errors="0" timestamp="2023-09-23T08:02:14" hostname="yelong-ui-MacBookAir.local" time="0.092">
  <properties/>
  <testcase name="hello가_리턴된다()" classname="com.yerin.book.springbootwebservice.web.HelloControllerTest" time="0.031"/>
  <testcase name="helloDto가_리턴된다()" classname="com.yerin.book.springbootwebservice.web.HelloControllerTest" time="0.06"/>
  <system-out><![CDATA[2023-09-23T17:02:14.801+09:00  INFO 8587 --- [    Test worker] t.c.s.AnnotationConfigContextLoaderUtils : Could not detect default configuration classes for test class [com.yerin.book.springbootwebservice.web.HelloControllerTest]: HelloControllerTest does not declare any static, non-private, non-final, nested classes annotated with @Configuration.
2023-09-23T17:02:14.810+09:00  INFO 8587 --- [    Test worker] .b.t.c.SpringBootTestContextBootstrapper : Found @SpringBootConfiguration com.yerin.book.springbootwebservice.SpringbootWebserviceApplication for test class com.yerin.book.springbootwebservice.web.HelloControllerTest

  .   ____          _            __ _ _
 /\\ / ___'_ __ _ _(_)_ __  __ _ \ \ \ \
( ( )\___ | '_ | '_| | '_ \/ _` | \ \ \ \
 \\/  ___)| |_)| | | | | || (_| |  ) ) ) )
  '  |____| .__|_| |_|_| |_\__, | / / / /
 =========|_|==============|___/=/_/_/_/
 :: Spring Boot ::                (v3.1.2)

2023-09-23T17:02:14.823+09:00  INFO 8587 --- [    Test worker] c.y.b.s.web.HelloControllerTest          : Starting HelloControllerTest using Java 17.0.7 with PID 8587 (started by yerong in /Users/yerong/study/spring/springboot-webservice)
2023-09-23T17:02:14.824+09:00  INFO 8587 --- [    Test worker] c.y.b.s.web.HelloControllerTest          : No active profile set, falling back to 1 default profile: "default"
2023-09-23T17:02:14.915+09:00  INFO 8587 --- [    Test worker] o.s.b.a.w.s.WelcomePageHandlerMapping    : Adding welcome page template: index
2023-09-23T17:02:14.933+09:00  INFO 8587 --- [    Test worker] o.s.s.web.DefaultSecurityFilterChain     : Will secure any request with [org.springframework.security.web.session.DisableEncodeUrlFilter@304f4888, org.springframework.security.web.context.request.async.WebAsyncManagerIntegrationFilter@35b97c69, org.springframework.security.web.context.SecurityContextHolderFilter@3d1319b, org.springframework.security.web.header.HeaderWriterFilter@382e7f70, org.springframework.security.web.csrf.CsrfFilter@42fa1554, org.springframework.security.web.authentication.logout.LogoutFilter@23c95292, org.springframework.security.oauth2.client.web.OAuth2AuthorizationRequestRedirectFilter@18a693de, org.springframework.security.oauth2.client.web.OAuth2AuthorizationRequestRedirectFilter@40597c95, org.springframework.security.oauth2.client.web.OAuth2LoginAuthenticationFilter@71120f9a, org.springframework.security.web.authentication.ui.DefaultLoginPageGeneratingFilter@26a2106e, org.springframework.security.web.authentication.ui.DefaultLogoutPageGeneratingFilter@2c07277f, org.springframework.security.web.savedrequest.RequestCacheAwareFilter@1193d400, org.springframework.security.web.servletapi.SecurityContextHolderAwareRequestFilter@6dbc3756, org.springframework.security.web.authentication.AnonymousAuthenticationFilter@d4df4ce, org.springframework.security.oauth2.client.web.OAuth2AuthorizationCodeGrantFilter@3b035d0c, org.springframework.security.web.access.ExceptionTranslationFilter@544502d6, org.springframework.security.web.access.intercept.AuthorizationFilter@19d483dc]
2023-09-23T17:02:14.948+09:00  INFO 8587 --- [    Test worker] o.s.b.t.m.w.SpringBootMockServletContext : Initializing Spring TestDispatcherServlet ''
2023-09-23T17:02:14.948+09:00  INFO 8587 --- [    Test worker] o.s.t.web.servlet.TestDispatcherServlet  : Initializing Servlet ''
2023-09-23T17:02:14.949+09:00  INFO 8587 --- [    Test worker] o.s.t.web.servlet.TestDispatcherServlet  : Completed initialization in 0 ms
2023-09-23T17:02:14.953+09:00  INFO 8587 --- [    Test worker] c.y.b.s.web.HelloControllerTest          : Started HelloControllerTest in 0.14 seconds (process running for 3.457)
]]></system-out>
  <system-err><![CDATA[]]></system-err>
</testsuite>
