<?xml version="1.0" encoding="UTF-8"?>
<testsuite name="com.yerin.book.springbootwebservice.web.IndexControllerTest" tests="1" skipped="0" failures="0" errors="0" timestamp="2023-09-23T12:45:04" hostname="yelong-ui-MacBookAir.local" time="0.078">
  <properties/>
  <testcase name="메인페이지_로딩()" classname="com.yerin.book.springbootwebservice.web.IndexControllerTest" time="0.078"/>
  <system-out><![CDATA[2023-09-23T21:45:04.551+09:00  INFO 99288 --- [    Test worker] t.c.s.AnnotationConfigContextLoaderUtils : Could not detect default configuration classes for test class [com.yerin.book.springbootwebservice.web.IndexControllerTest]: IndexControllerTest does not declare any static, non-private, non-final, nested classes annotated with @Configuration.
2023-09-23T21:45:04.552+09:00  INFO 99288 --- [    Test worker] .b.t.c.SpringBootTestContextBootstrapper : Found @SpringBootConfiguration com.yerin.book.springbootwebservice.SpringbootWebserviceApplication for test class com.yerin.book.springbootwebservice.web.IndexControllerTest

  .   ____          _            __ _ _
 /\\ / ___'_ __ _ _(_)_ __  __ _ \ \ \ \
( ( )\___ | '_ | '_| | '_ \/ _` | \ \ \ \
 \\/  ___)| |_)| | | | | || (_| |  ) ) ) )
  '  |____| .__|_| |_|_| |_\__, | / / / /
 =========|_|==============|___/=/_/_/_/
 :: Spring Boot ::                (v3.1.2)

2023-09-23T21:45:04.566+09:00  INFO 99288 --- [    Test worker] c.y.b.s.web.IndexControllerTest          : Starting IndexControllerTest using Java 17.0.7 with PID 99288 (started by yerong in /Users/yerong/study/spring/springboot-webservice)
2023-09-23T21:45:04.566+09:00  INFO 99288 --- [    Test worker] c.y.b.s.web.IndexControllerTest          : No active profile set, falling back to 1 default profile: "default"
2023-09-23T21:45:04.641+09:00  INFO 99288 --- [    Test worker] .s.d.r.c.RepositoryConfigurationDelegate : Bootstrapping Spring Data JPA repositories in DEFAULT mode.
2023-09-23T21:45:04.646+09:00  INFO 99288 --- [    Test worker] .s.d.r.c.RepositoryConfigurationDelegate : Finished Spring Data repository scanning in 5 ms. Found 2 JPA repository interfaces.
2023-09-23T21:45:04.748+09:00  INFO 99288 --- [    Test worker] o.s.b.w.embedded.tomcat.TomcatWebServer  : Tomcat initialized with port(s): 0 (http)
2023-09-23T21:45:04.754+09:00  INFO 99288 --- [    Test worker] o.apache.catalina.core.StandardService   : Starting service [Tomcat]
2023-09-23T21:45:04.754+09:00  INFO 99288 --- [    Test worker] o.apache.catalina.core.StandardEngine    : Starting Servlet engine: [Apache Tomcat/10.1.11]
2023-09-23T21:45:04.800+09:00  INFO 99288 --- [    Test worker] o.a.c.c.C.[Tomcat].[localhost].[/]       : Initializing Spring embedded WebApplicationContext
2023-09-23T21:45:04.800+09:00  INFO 99288 --- [    Test worker] w.s.c.ServletWebServerApplicationContext : Root WebApplicationContext: initialization completed in 233 ms
2023-09-23T21:45:04.806+09:00  INFO 99288 --- [    Test worker] com.zaxxer.hikari.HikariDataSource       : HikariPool-2 - Starting...
2023-09-23T21:45:04.806+09:00  INFO 99288 --- [    Test worker] com.zaxxer.hikari.pool.HikariPool        : HikariPool-2 - Added connection conn10: url=jdbc:h2:mem://localhost/~/testdb user=SA
2023-09-23T21:45:04.806+09:00  INFO 99288 --- [    Test worker] com.zaxxer.hikari.HikariDataSource       : HikariPool-2 - Start completed.
2023-09-23T21:45:04.807+09:00  INFO 99288 --- [    Test worker] o.s.b.a.h2.H2ConsoleAutoConfiguration    : H2 console available at '/h2-console'. Database available at 'jdbc:h2:mem://localhost/~/testdb'
2023-09-23T21:45:04.838+09:00  INFO 99288 --- [    Test worker] o.hibernate.jpa.internal.util.LogHelper  : HHH000204: Processing PersistenceUnitInfo [name: default]
2023-09-23T21:45:04.840+09:00  INFO 99288 --- [    Test worker] o.h.b.i.BytecodeProviderInitiator        : HHH000021: Bytecode provider name : bytebuddy
2023-09-23T21:45:04.841+09:00  INFO 99288 --- [    Test worker] o.s.o.j.p.SpringPersistenceUnitInfo      : No LoadTimeWeaver setup: ignoring JPA class transformer
2023-09-23T21:45:04.841+09:00  WARN 99288 --- [    Test worker] org.hibernate.orm.deprecation            : HHH90000026: MySQL57Dialect has been deprecated; use org.hibernate.dialect.MySQLDialect instead
2023-09-23T21:45:04.846+09:00  INFO 99288 --- [    Test worker] o.h.b.i.BytecodeProviderInitiator        : HHH000021: Bytecode provider name : bytebuddy
2023-09-23T21:45:04.865+09:00  INFO 99288 --- [    Test worker] o.h.e.t.j.p.i.JtaPlatformInitiator       : HHH000490: Using JtaPlatform implementation: [org.hibernate.engine.transaction.jta.platform.internal.NoJtaPlatform]
Hibernate: drop table if exists member
Hibernate: drop table if exists posts
Hibernate: create table member (created_date datetime(6), id bigint not null auto_increment, modified_date datetime(6), email varchar(255) not null, name varchar(255) not null, picture varchar(255), role enum ('GUEST','USER') not null, primary key (id)) engine=InnoDB
Hibernate: create table posts (created_date datetime(6), id bigint not null auto_increment, modified_date datetime(6), title varchar(500) not null, author varchar(255), content TEXT not null, primary key (id)) engine=InnoDB
2023-09-23T21:45:04.868+09:00  INFO 99288 --- [    Test worker] j.LocalContainerEntityManagerFactoryBean : Initialized JPA EntityManagerFactory for persistence unit 'default'
2023-09-23T21:45:04.908+09:00  WARN 99288 --- [    Test worker] JpaBaseConfiguration$JpaWebConfiguration : spring.jpa.open-in-view is enabled by default. Therefore, database queries may be performed during view rendering. Explicitly configure spring.jpa.open-in-view to disable this warning
2023-09-23T21:45:04.916+09:00  INFO 99288 --- [    Test worker] o.s.s.web.DefaultSecurityFilterChain     : Will secure any request with [org.springframework.security.web.session.DisableEncodeUrlFilter@278e721e, org.springframework.security.web.context.request.async.WebAsyncManagerIntegrationFilter@65354578, org.springframework.security.web.context.SecurityContextHolderFilter@4cb25b53, org.springframework.security.web.header.HeaderWriterFilter@18bc2d32, org.springframework.security.web.authentication.logout.LogoutFilter@2583418c, org.springframework.security.oauth2.client.web.OAuth2AuthorizationRequestRedirectFilter@7a986079, org.springframework.security.oauth2.client.web.OAuth2LoginAuthenticationFilter@4528c187, org.springframework.security.web.authentication.ui.DefaultLoginPageGeneratingFilter@67b920c9, org.springframework.security.web.authentication.ui.DefaultLogoutPageGeneratingFilter@5c176a0f, org.springframework.security.web.savedrequest.RequestCacheAwareFilter@4e9a4142, org.springframework.security.web.servletapi.SecurityContextHolderAwareRequestFilter@1e954b94, org.springframework.security.web.authentication.AnonymousAuthenticationFilter@5f30bcf3, org.springframework.security.web.access.ExceptionTranslationFilter@3cfd9459, org.springframework.security.web.access.intercept.AuthorizationFilter@3f6fa2dd]
2023-09-23T21:45:04.941+09:00  INFO 99288 --- [    Test worker] o.s.b.a.w.s.WelcomePageHandlerMapping    : Adding welcome page template: index
2023-09-23T21:45:04.981+09:00  INFO 99288 --- [    Test worker] o.s.b.w.embedded.tomcat.TomcatWebServer  : Tomcat started on port(s): 52305 (http) with context path ''
2023-09-23T21:45:04.983+09:00  INFO 99288 --- [    Test worker] c.y.b.s.web.IndexControllerTest          : Started IndexControllerTest in 0.428 seconds (process running for 3.79)
2023-09-23T21:45:05.030+09:00  INFO 99288 --- [o-auto-1-exec-1] o.a.c.c.C.[Tomcat].[localhost].[/]       : Initializing Spring DispatcherServlet 'dispatcherServlet'
2023-09-23T21:45:05.031+09:00  INFO 99288 --- [o-auto-1-exec-1] o.s.web.servlet.DispatcherServlet        : Initializing Servlet 'dispatcherServlet'
2023-09-23T21:45:05.031+09:00  INFO 99288 --- [o-auto-1-exec-1] o.s.web.servlet.DispatcherServlet        : Completed initialization in 0 ms
Hibernate: select p1_0.id,p1_0.author,p1_0.content,p1_0.created_date,p1_0.modified_date,p1_0.title from posts p1_0 order by p1_0.id desc
]]></system-out>
  <system-err><![CDATA[]]></system-err>
</testsuite>
