<?xml version="1.0" encoding="UTF-8"?>
<testsuite name="com.yerin.book.springbootwebservice.web.HelloControllerTest" tests="2" skipped="0" failures="0" errors="0" timestamp="2023-09-24T08:52:10" hostname="yelong-ui-MacBookAir.local" time="0.039">
  <properties/>
  <testcase name="hello가_리턴된다()" classname="com.yerin.book.springbootwebservice.web.HelloControllerTest" time="0.013"/>
  <testcase name="helloDto가_리턴된다()" classname="com.yerin.book.springbootwebservice.web.HelloControllerTest" time="0.024"/>
  <system-out><![CDATA[2023-09-24T17:52:10.323+09:00  INFO 27112 --- [    Test worker] t.c.s.AnnotationConfigContextLoaderUtils : Could not detect default configuration classes for test class [com.yerin.book.springbootwebservice.web.HelloControllerTest]: HelloControllerTest does not declare any static, non-private, non-final, nested classes annotated with @Configuration.
2023-09-24T17:52:10.329+09:00  INFO 27112 --- [    Test worker] .b.t.c.SpringBootTestContextBootstrapper : Found @SpringBootConfiguration com.yerin.book.springbootwebservice.SpringbootWebserviceApplication for test class com.yerin.book.springbootwebservice.web.HelloControllerTest

  .   ____          _            __ _ _
 /\\ / ___'_ __ _ _(_)_ __  __ _ \ \ \ \
( ( )\___ | '_ | '_| | '_ \/ _` | \ \ \ \
 \\/  ___)| |_)| | | | | || (_| |  ) ) ) )
  '  |____| .__|_| |_|_| |_\__, | / / / /
 =========|_|==============|___/=/_/_/_/
 :: Spring Boot ::                (v3.1.2)

2023-09-24T17:52:10.339+09:00  INFO 27112 --- [    Test worker] c.y.b.s.web.HelloControllerTest          : Starting HelloControllerTest using Java 17.0.7 with PID 27112 (started by yerong in /Users/yerong/study/spring/springboot-webservice)
2023-09-24T17:52:10.340+09:00  INFO 27112 --- [    Test worker] c.y.b.s.web.HelloControllerTest          : No active profile set, falling back to 1 default profile: "default"
2023-09-24T17:52:10.432+09:00  INFO 27112 --- [    Test worker] o.s.b.a.w.s.WelcomePageHandlerMapping    : Adding welcome page template: index
2023-09-24T17:52:10.449+09:00  INFO 27112 --- [    Test worker] o.s.s.web.DefaultSecurityFilterChain     : Will secure any request with [org.springframework.security.web.session.DisableEncodeUrlFilter@167080e, org.springframework.security.web.context.request.async.WebAsyncManagerIntegrationFilter@33980345, org.springframework.security.web.context.SecurityContextHolderFilter@22ab40c1, org.springframework.security.web.header.HeaderWriterFilter@2073d71b, org.springframework.security.web.csrf.CsrfFilter@ff03384, org.springframework.security.web.authentication.logout.LogoutFilter@40f95b87, org.springframework.security.oauth2.client.web.OAuth2AuthorizationRequestRedirectFilter@1ef48e49, org.springframework.security.oauth2.client.web.OAuth2AuthorizationRequestRedirectFilter@6716d0e1, org.springframework.security.oauth2.client.web.OAuth2LoginAuthenticationFilter@145bcb73, org.springframework.security.web.authentication.ui.DefaultLoginPageGeneratingFilter@5dd88334, org.springframework.security.web.authentication.ui.DefaultLogoutPageGeneratingFilter@195c5803, org.springframework.security.web.savedrequest.RequestCacheAwareFilter@2c492b03, org.springframework.security.web.servletapi.SecurityContextHolderAwareRequestFilter@63ad4b55, org.springframework.security.web.authentication.AnonymousAuthenticationFilter@60f8d38c, org.springframework.security.oauth2.client.web.OAuth2AuthorizationCodeGrantFilter@6bb24de1, org.springframework.security.web.access.ExceptionTranslationFilter@159b4611, org.springframework.security.web.access.intercept.AuthorizationFilter@50dfac19]
2023-09-24T17:52:10.454+09:00  INFO 27112 --- [    Test worker] o.s.b.t.m.w.SpringBootMockServletContext : Initializing Spring TestDispatcherServlet ''
2023-09-24T17:52:10.455+09:00  INFO 27112 --- [    Test worker] o.s.t.web.servlet.TestDispatcherServlet  : Initializing Servlet ''
2023-09-24T17:52:10.455+09:00  INFO 27112 --- [    Test worker] o.s.t.web.servlet.TestDispatcherServlet  : Completed initialization in 0 ms
2023-09-24T17:52:10.457+09:00  INFO 27112 --- [    Test worker] c.y.b.s.web.HelloControllerTest          : Started HelloControllerTest in 0.126 seconds (process running for 3.961)
]]></system-out>
  <system-err><![CDATA[]]></system-err>
</testsuite>
