<?xml version="1.0" encoding="UTF-8"?>
<testsuite name="com.yerin.book.springbootwebservice.web.HelloControllerTest" tests="2" skipped="0" failures="0" errors="0" timestamp="2023-09-23T12:31:25" hostname="yelong-ui-MacBookAir.local" time="0.03">
  <properties/>
  <testcase name="hello가_리턴된다()" classname="com.yerin.book.springbootwebservice.web.HelloControllerTest" time="0.007"/>
  <testcase name="helloDto가_리턴된다()" classname="com.yerin.book.springbootwebservice.web.HelloControllerTest" time="0.022"/>
  <system-out><![CDATA[2023-09-23T21:31:25.783+09:00  INFO 93025 --- [    Test worker] t.c.s.AnnotationConfigContextLoaderUtils : Could not detect default configuration classes for test class [com.yerin.book.springbootwebservice.web.HelloControllerTest]: HelloControllerTest does not declare any static, non-private, non-final, nested classes annotated with @Configuration.
2023-09-23T21:31:25.789+09:00  INFO 93025 --- [    Test worker] .b.t.c.SpringBootTestContextBootstrapper : Found @SpringBootConfiguration com.yerin.book.springbootwebservice.SpringbootWebserviceApplication for test class com.yerin.book.springbootwebservice.web.HelloControllerTest

  .   ____          _            __ _ _
 /\\ / ___'_ __ _ _(_)_ __  __ _ \ \ \ \
( ( )\___ | '_ | '_| | '_ \/ _` | \ \ \ \
 \\/  ___)| |_)| | | | | || (_| |  ) ) ) )
  '  |____| .__|_| |_|_| |_\__, | / / / /
 =========|_|==============|___/=/_/_/_/
 :: Spring Boot ::                (v3.1.2)

2023-09-23T21:31:25.800+09:00  INFO 93025 --- [    Test worker] c.y.b.s.web.HelloControllerTest          : Starting HelloControllerTest using Java 17.0.7 with PID 93025 (started by yerong in /Users/yerong/study/spring/springboot-webservice)
2023-09-23T21:31:25.800+09:00  INFO 93025 --- [    Test worker] c.y.b.s.web.HelloControllerTest          : No active profile set, falling back to 1 default profile: "default"
2023-09-23T21:31:25.877+09:00  INFO 93025 --- [    Test worker] o.s.b.a.w.s.WelcomePageHandlerMapping    : Adding welcome page template: index
2023-09-23T21:31:25.891+09:00  INFO 93025 --- [    Test worker] o.s.s.web.DefaultSecurityFilterChain     : Will secure any request with [org.springframework.security.web.session.DisableEncodeUrlFilter@3dbcdd4a, org.springframework.security.web.context.request.async.WebAsyncManagerIntegrationFilter@6d093885, org.springframework.security.web.context.SecurityContextHolderFilter@5911d6e, org.springframework.security.web.header.HeaderWriterFilter@6c6c7ee5, org.springframework.security.web.csrf.CsrfFilter@6d48f1c, org.springframework.security.web.authentication.logout.LogoutFilter@5e8b5e7d, org.springframework.security.oauth2.client.web.OAuth2AuthorizationRequestRedirectFilter@30350c73, org.springframework.security.oauth2.client.web.OAuth2AuthorizationRequestRedirectFilter@1d2cffea, org.springframework.security.oauth2.client.web.OAuth2LoginAuthenticationFilter@34c9c4be, org.springframework.security.web.authentication.ui.DefaultLoginPageGeneratingFilter@a4f14c9, org.springframework.security.web.authentication.ui.DefaultLogoutPageGeneratingFilter@712106b5, org.springframework.security.web.savedrequest.RequestCacheAwareFilter@271fdeaf, org.springframework.security.web.servletapi.SecurityContextHolderAwareRequestFilter@55bd9d1, org.springframework.security.web.authentication.AnonymousAuthenticationFilter@5c8adab7, org.springframework.security.oauth2.client.web.OAuth2AuthorizationCodeGrantFilter@3a5c472, org.springframework.security.web.access.ExceptionTranslationFilter@6f49a5f8, org.springframework.security.web.access.intercept.AuthorizationFilter@77de3401]
2023-09-23T21:31:25.897+09:00  INFO 93025 --- [    Test worker] o.s.b.t.m.w.SpringBootMockServletContext : Initializing Spring TestDispatcherServlet ''
2023-09-23T21:31:25.897+09:00  INFO 93025 --- [    Test worker] o.s.t.web.servlet.TestDispatcherServlet  : Initializing Servlet ''
2023-09-23T21:31:25.897+09:00  INFO 93025 --- [    Test worker] o.s.t.web.servlet.TestDispatcherServlet  : Completed initialization in 0 ms
2023-09-23T21:31:25.899+09:00  INFO 93025 --- [    Test worker] c.y.b.s.web.HelloControllerTest          : Started HelloControllerTest in 0.108 seconds (process running for 3.962)
]]></system-out>
  <system-err><![CDATA[]]></system-err>
</testsuite>
