<?xml version="1.0" encoding="UTF-8"?>
<testsuite name="com.yerin.book.springbootwebservice.SpringbootWebserviceApplicationTests" tests="1" skipped="0" failures="0" errors="0" timestamp="2023-09-24T08:52:10" hostname="yelong-ui-MacBookAir.local" time="0.002">
  <properties/>
  <testcase name="contextLoads()" classname="com.yerin.book.springbootwebservice.SpringbootWebserviceApplicationTests" time="0.002"/>
  <system-out><![CDATA[2023-09-24T17:52:10.314+09:00  INFO 27112 --- [    Test worker] t.c.s.AnnotationConfigContextLoaderUtils : Could not detect default configuration classes for test class [com.yerin.book.springbootwebservice.SpringbootWebserviceApplicationTests]: SpringbootWebserviceApplicationTests does not declare any static, non-private, non-final, nested classes annotated with @Configuration.
2023-09-24T17:52:10.317+09:00  INFO 27112 --- [    Test worker] .b.t.c.SpringBootTestContextBootstrapper : Found @SpringBootConfiguration com.yerin.book.springbootwebservice.SpringbootWebserviceApplication for test class com.yerin.book.springbootwebservice.SpringbootWebserviceApplicationTests
]]></system-out>
  <system-err><![CDATA[]]></system-err>
</testsuite>
