<?xml version="1.0" encoding="UTF-8"?>
<testsuite name="com.yerin.book.springbootwebservice.web.IndexControllerTest" tests="1" skipped="0" failures="0" errors="0" timestamp="2023-09-15T16:49:33" hostname="yelong-ui-MacBookAir.local" time="0.454">
  <properties/>
  <testcase name="메인페이지_로딩()" classname="com.yerin.book.springbootwebservice.web.IndexControllerTest" time="0.454"/>
  <system-out><![CDATA[01:49:30.735 [Test worker] INFO org.springframework.test.context.support.AnnotationConfigContextLoaderUtils -- Could not detect default configuration classes for test class [com.yerin.book.springbootwebservice.web.IndexControllerTest]: IndexControllerTest does not declare any static, non-private, non-final, nested classes annotated with @Configuration.
01:49:30.790 [Test worker] INFO org.springframework.boot.test.context.SpringBootTestContextBootstrapper -- Found @SpringBootConfiguration com.yerin.book.springbootwebservice.SpringbootWebserviceApplication for test class com.yerin.book.springbootwebservice.web.IndexControllerTest

  .   ____          _            __ _ _
 /\\ / ___'_ __ _ _(_)_ __  __ _ \ \ \ \
( ( )\___ | '_ | '_| | '_ \/ _` | \ \ \ \
 \\/  ___)| |_)| | | | | || (_| |  ) ) ) )
  '  |____| .__|_| |_|_| |_\__, | / / / /
 =========|_|==============|___/=/_/_/_/
 :: Spring Boot ::                (v3.1.2)

2023-09-16T01:49:30.980+09:00  INFO 98980 --- [    Test worker] c.y.b.s.web.IndexControllerTest          : Starting IndexControllerTest using Java 17.0.7 with PID 98980 (started by yerong in /Users/yerong/study/spring/springboot-webservice)
2023-09-16T01:49:30.981+09:00  INFO 98980 --- [    Test worker] c.y.b.s.web.IndexControllerTest          : No active profile set, falling back to 1 default profile: "default"
2023-09-16T01:49:31.294+09:00  INFO 98980 --- [    Test worker] .s.d.r.c.RepositoryConfigurationDelegate : Bootstrapping Spring Data JPA repositories in DEFAULT mode.
2023-09-16T01:49:31.320+09:00  INFO 98980 --- [    Test worker] .s.d.r.c.RepositoryConfigurationDelegate : Finished Spring Data repository scanning in 21 ms. Found 2 JPA repository interfaces.
2023-09-16T01:49:31.593+09:00  INFO 98980 --- [    Test worker] o.s.b.w.embedded.tomcat.TomcatWebServer  : Tomcat initialized with port(s): 0 (http)
2023-09-16T01:49:31.598+09:00  INFO 98980 --- [    Test worker] o.apache.catalina.core.StandardService   : Starting service [Tomcat]
2023-09-16T01:49:31.598+09:00  INFO 98980 --- [    Test worker] o.apache.catalina.core.StandardEngine    : Starting Servlet engine: [Apache Tomcat/10.1.11]
2023-09-16T01:49:31.646+09:00  INFO 98980 --- [    Test worker] o.a.c.c.C.[Tomcat].[localhost].[/]       : Initializing Spring embedded WebApplicationContext
2023-09-16T01:49:31.647+09:00  INFO 98980 --- [    Test worker] w.s.c.ServletWebServerApplicationContext : Root WebApplicationContext: initialization completed in 656 ms
2023-09-16T01:49:31.662+09:00  INFO 98980 --- [    Test worker] com.zaxxer.hikari.HikariDataSource       : HikariPool-1 - Starting...
2023-09-16T01:49:31.757+09:00  INFO 98980 --- [    Test worker] com.zaxxer.hikari.pool.HikariPool        : HikariPool-1 - Added connection conn0: url=jdbc:h2:mem:1284b333-c69b-45dd-bd0c-b1871d0ee0d5 user=SA
2023-09-16T01:49:31.758+09:00  INFO 98980 --- [    Test worker] com.zaxxer.hikari.HikariDataSource       : HikariPool-1 - Start completed.
2023-09-16T01:49:31.763+09:00  INFO 98980 --- [    Test worker] o.s.b.a.h2.H2ConsoleAutoConfiguration    : H2 console available at '/h2-console'. Database available at 'jdbc:h2:mem:1284b333-c69b-45dd-bd0c-b1871d0ee0d5'
2023-09-16T01:49:31.852+09:00  INFO 98980 --- [    Test worker] o.hibernate.jpa.internal.util.LogHelper  : HHH000204: Processing PersistenceUnitInfo [name: default]
2023-09-16T01:49:31.888+09:00  INFO 98980 --- [    Test worker] org.hibernate.Version                    : HHH000412: Hibernate ORM core version 6.2.6.Final
2023-09-16T01:49:31.889+09:00  INFO 98980 --- [    Test worker] org.hibernate.cfg.Environment            : HHH000406: Using bytecode reflection optimizer
2023-09-16T01:49:31.954+09:00  INFO 98980 --- [    Test worker] o.h.b.i.BytecodeProviderInitiator        : HHH000021: Bytecode provider name : bytebuddy
2023-09-16T01:49:32.015+09:00  INFO 98980 --- [    Test worker] o.s.o.j.p.SpringPersistenceUnitInfo      : No LoadTimeWeaver setup: ignoring JPA class transformer
2023-09-16T01:49:32.114+09:00  INFO 98980 --- [    Test worker] o.h.b.i.BytecodeProviderInitiator        : HHH000021: Bytecode provider name : bytebuddy
2023-09-16T01:49:32.404+09:00  INFO 98980 --- [    Test worker] o.h.e.t.j.p.i.JtaPlatformInitiator       : HHH000490: Using JtaPlatform implementation: [org.hibernate.engine.transaction.jta.platform.internal.NoJtaPlatform]
Hibernate: drop table if exists member cascade 
Hibernate: drop table if exists posts cascade 
Hibernate: create table member (created_date timestamp(6), id bigint generated by default as identity, modified_date timestamp(6), email varchar(255) not null, name varchar(255) not null, picture varchar(255), role varchar(255) not null check (role in ('GUEST','USER')), primary key (id))
Hibernate: create table posts (created_date timestamp(6), id bigint generated by default as identity, modified_date timestamp(6), title varchar(500) not null, author varchar(255), content TEXT not null, primary key (id))
2023-09-16T01:49:32.419+09:00  INFO 98980 --- [    Test worker] j.LocalContainerEntityManagerFactoryBean : Initialized JPA EntityManagerFactory for persistence unit 'default'
2023-09-16T01:49:32.570+09:00  INFO 98980 --- [    Test worker] o.s.d.j.r.query.QueryEnhancerFactory     : Hibernate is in classpath; If applicable, HQL parser will be used.
2023-09-16T01:49:32.749+09:00  WARN 98980 --- [    Test worker] JpaBaseConfiguration$JpaWebConfiguration : spring.jpa.open-in-view is enabled by default. Therefore, database queries may be performed during view rendering. Explicitly configure spring.jpa.open-in-view to disable this warning
2023-09-16T01:49:32.823+09:00  INFO 98980 --- [    Test worker] o.s.s.web.DefaultSecurityFilterChain     : Will secure any request with [org.springframework.security.web.session.DisableEncodeUrlFilter@5b5f48d5, org.springframework.security.web.context.request.async.WebAsyncManagerIntegrationFilter@421c4c3e, org.springframework.security.web.context.SecurityContextHolderFilter@220a7f95, org.springframework.security.web.header.HeaderWriterFilter@80347b2, org.springframework.security.web.authentication.logout.LogoutFilter@54aacbc7, org.springframework.security.oauth2.client.web.OAuth2AuthorizationRequestRedirectFilter@78ae34f7, org.springframework.security.oauth2.client.web.OAuth2LoginAuthenticationFilter@3eb4fdd5, org.springframework.security.web.authentication.ui.DefaultLoginPageGeneratingFilter@943d0c2, org.springframework.security.web.authentication.ui.DefaultLogoutPageGeneratingFilter@63236968, org.springframework.security.web.savedrequest.RequestCacheAwareFilter@c52c362, org.springframework.security.web.servletapi.SecurityContextHolderAwareRequestFilter@109a462e, org.springframework.security.web.authentication.AnonymousAuthenticationFilter@4f6f7a86, org.springframework.security.web.access.ExceptionTranslationFilter@77c4aeb6, org.springframework.security.web.access.intercept.AuthorizationFilter@349504d5]
2023-09-16T01:49:32.912+09:00  INFO 98980 --- [    Test worker] o.s.b.a.w.s.WelcomePageHandlerMapping    : Adding welcome page template: index
2023-09-16T01:49:33.052+09:00  INFO 98980 --- [    Test worker] o.s.b.w.embedded.tomcat.TomcatWebServer  : Tomcat started on port(s): 52259 (http) with context path ''
2023-09-16T01:49:33.057+09:00  INFO 98980 --- [    Test worker] c.y.b.s.web.IndexControllerTest          : Started IndexControllerTest in 2.205 seconds (process running for 2.746)
2023-09-16T01:49:33.395+09:00  INFO 98980 --- [o-auto-1-exec-1] o.a.c.c.C.[Tomcat].[localhost].[/]       : Initializing Spring DispatcherServlet 'dispatcherServlet'
2023-09-16T01:49:33.396+09:00  INFO 98980 --- [o-auto-1-exec-1] o.s.web.servlet.DispatcherServlet        : Initializing Servlet 'dispatcherServlet'
2023-09-16T01:49:33.396+09:00  INFO 98980 --- [o-auto-1-exec-1] o.s.web.servlet.DispatcherServlet        : Completed initialization in 0 ms
Hibernate: select p1_0.id,p1_0.author,p1_0.content,p1_0.created_date,p1_0.modified_date,p1_0.title from posts p1_0 order by p1_0.id desc
]]></system-out>
  <system-err><![CDATA[]]></system-err>
</testsuite>
