<?xml version="1.0" encoding="UTF-8"?>
<testsuite name="com.yerin.book.springbootwebservice.web.IndexControllerTest" tests="1" skipped="0" failures="0" errors="0" timestamp="2023-09-23T12:31:25" hostname="yelong-ui-MacBookAir.local" time="0.102">
  <properties/>
  <testcase name="메인페이지_로딩()" classname="com.yerin.book.springbootwebservice.web.IndexControllerTest" time="0.102"/>
  <system-out><![CDATA[2023-09-23T21:31:25.076+09:00  INFO 93025 --- [    Test worker] t.c.s.AnnotationConfigContextLoaderUtils : Could not detect default configuration classes for test class [com.yerin.book.springbootwebservice.web.IndexControllerTest]: IndexControllerTest does not declare any static, non-private, non-final, nested classes annotated with @Configuration.
2023-09-23T21:31:25.082+09:00  INFO 93025 --- [    Test worker] .b.t.c.SpringBootTestContextBootstrapper : Found @SpringBootConfiguration com.yerin.book.springbootwebservice.SpringbootWebserviceApplication for test class com.yerin.book.springbootwebservice.web.IndexControllerTest

  .   ____          _            __ _ _
 /\\ / ___'_ __ _ _(_)_ __  __ _ \ \ \ \
( ( )\___ | '_ | '_| | '_ \/ _` | \ \ \ \
 \\/  ___)| |_)| | | | | || (_| |  ) ) ) )
  '  |____| .__|_| |_|_| |_\__, | / / / /
 =========|_|==============|___/=/_/_/_/
 :: Spring Boot ::                (v3.1.2)

2023-09-23T21:31:25.097+09:00  INFO 93025 --- [    Test worker] c.y.b.s.web.IndexControllerTest          : Starting IndexControllerTest using Java 17.0.7 with PID 93025 (started by yerong in /Users/yerong/study/spring/springboot-webservice)
2023-09-23T21:31:25.097+09:00  INFO 93025 --- [    Test worker] c.y.b.s.web.IndexControllerTest          : No active profile set, falling back to 1 default profile: "default"
2023-09-23T21:31:25.171+09:00  INFO 93025 --- [    Test worker] .s.d.r.c.RepositoryConfigurationDelegate : Bootstrapping Spring Data JPA repositories in DEFAULT mode.
2023-09-23T21:31:25.177+09:00  INFO 93025 --- [    Test worker] .s.d.r.c.RepositoryConfigurationDelegate : Finished Spring Data repository scanning in 6 ms. Found 2 JPA repository interfaces.
2023-09-23T21:31:25.282+09:00  INFO 93025 --- [    Test worker] o.s.b.w.embedded.tomcat.TomcatWebServer  : Tomcat initialized with port(s): 0 (http)
2023-09-23T21:31:25.288+09:00  INFO 93025 --- [    Test worker] o.apache.catalina.core.StandardService   : Starting service [Tomcat]
2023-09-23T21:31:25.288+09:00  INFO 93025 --- [    Test worker] o.apache.catalina.core.StandardEngine    : Starting Servlet engine: [Apache Tomcat/10.1.11]
2023-09-23T21:31:25.341+09:00  INFO 93025 --- [    Test worker] o.a.c.c.C.[Tomcat].[localhost].[/]       : Initializing Spring embedded WebApplicationContext
2023-09-23T21:31:25.342+09:00  INFO 93025 --- [    Test worker] w.s.c.ServletWebServerApplicationContext : Root WebApplicationContext: initialization completed in 243 ms
2023-09-23T21:31:25.353+09:00  INFO 93025 --- [    Test worker] com.zaxxer.hikari.HikariDataSource       : HikariPool-2 - Starting...
2023-09-23T21:31:25.354+09:00  INFO 93025 --- [    Test worker] com.zaxxer.hikari.pool.HikariPool        : HikariPool-2 - Added connection conn10: url=jdbc:h2:mem:a87de078-09a8-4516-a545-a35a7e90ca0e user=SA
2023-09-23T21:31:25.355+09:00  INFO 93025 --- [    Test worker] com.zaxxer.hikari.HikariDataSource       : HikariPool-2 - Start completed.
2023-09-23T21:31:25.355+09:00  INFO 93025 --- [    Test worker] o.s.b.a.h2.H2ConsoleAutoConfiguration    : H2 console available at '/h2-console'. Database available at 'jdbc:h2:mem:a87de078-09a8-4516-a545-a35a7e90ca0e'
2023-09-23T21:31:25.417+09:00  INFO 93025 --- [    Test worker] o.hibernate.jpa.internal.util.LogHelper  : HHH000204: Processing PersistenceUnitInfo [name: default]
2023-09-23T21:31:25.420+09:00  INFO 93025 --- [    Test worker] o.h.b.i.BytecodeProviderInitiator        : HHH000021: Bytecode provider name : bytebuddy
2023-09-23T21:31:25.420+09:00  INFO 93025 --- [    Test worker] o.s.o.j.p.SpringPersistenceUnitInfo      : No LoadTimeWeaver setup: ignoring JPA class transformer
2023-09-23T21:31:25.425+09:00  INFO 93025 --- [    Test worker] o.h.b.i.BytecodeProviderInitiator        : HHH000021: Bytecode provider name : bytebuddy
2023-09-23T21:31:25.442+09:00  INFO 93025 --- [    Test worker] o.h.e.t.j.p.i.JtaPlatformInitiator       : HHH000490: Using JtaPlatform implementation: [org.hibernate.engine.transaction.jta.platform.internal.NoJtaPlatform]
Hibernate: drop table if exists member cascade 
Hibernate: drop table if exists posts cascade 
Hibernate: create table member (created_date timestamp(6), id bigint generated by default as identity, modified_date timestamp(6), email varchar(255) not null, name varchar(255) not null, picture varchar(255), role varchar(255) not null check (role in ('GUEST','USER')), primary key (id))
Hibernate: create table posts (created_date timestamp(6), id bigint generated by default as identity, modified_date timestamp(6), title varchar(500) not null, author varchar(255), content TEXT not null, primary key (id))
2023-09-23T21:31:25.445+09:00  INFO 93025 --- [    Test worker] j.LocalContainerEntityManagerFactoryBean : Initialized JPA EntityManagerFactory for persistence unit 'default'
2023-09-23T21:31:25.498+09:00  WARN 93025 --- [    Test worker] JpaBaseConfiguration$JpaWebConfiguration : spring.jpa.open-in-view is enabled by default. Therefore, database queries may be performed during view rendering. Explicitly configure spring.jpa.open-in-view to disable this warning
2023-09-23T21:31:25.506+09:00  INFO 93025 --- [    Test worker] o.s.s.web.DefaultSecurityFilterChain     : Will secure any request with [org.springframework.security.web.session.DisableEncodeUrlFilter@4fbd0d1, org.springframework.security.web.context.request.async.WebAsyncManagerIntegrationFilter@7b128cd2, org.springframework.security.web.context.SecurityContextHolderFilter@7c057419, org.springframework.security.web.header.HeaderWriterFilter@2c513e9f, org.springframework.security.web.authentication.logout.LogoutFilter@5e324000, org.springframework.security.oauth2.client.web.OAuth2AuthorizationRequestRedirectFilter@3c42dc9f, org.springframework.security.oauth2.client.web.OAuth2LoginAuthenticationFilter@70bca957, org.springframework.security.web.authentication.ui.DefaultLoginPageGeneratingFilter@6b4d0be2, org.springframework.security.web.authentication.ui.DefaultLogoutPageGeneratingFilter@519e110b, org.springframework.security.web.savedrequest.RequestCacheAwareFilter@78d3578e, org.springframework.security.web.servletapi.SecurityContextHolderAwareRequestFilter@4e4d6172, org.springframework.security.web.authentication.AnonymousAuthenticationFilter@447dec7e, org.springframework.security.web.access.ExceptionTranslationFilter@fe739e7, org.springframework.security.web.access.intercept.AuthorizationFilter@78c0fad6]
2023-09-23T21:31:25.528+09:00  INFO 93025 --- [    Test worker] o.s.b.a.w.s.WelcomePageHandlerMapping    : Adding welcome page template: index
2023-09-23T21:31:25.569+09:00  INFO 93025 --- [    Test worker] o.s.b.w.embedded.tomcat.TomcatWebServer  : Tomcat started on port(s): 52173 (http) with context path ''
2023-09-23T21:31:25.571+09:00  INFO 93025 --- [    Test worker] c.y.b.s.web.IndexControllerTest          : Started IndexControllerTest in 0.487 seconds (process running for 3.634)
2023-09-23T21:31:25.625+09:00  INFO 93025 --- [o-auto-1-exec-1] o.a.c.c.C.[Tomcat].[localhost].[/]       : Initializing Spring DispatcherServlet 'dispatcherServlet'
2023-09-23T21:31:25.625+09:00  INFO 93025 --- [o-auto-1-exec-1] o.s.web.servlet.DispatcherServlet        : Initializing Servlet 'dispatcherServlet'
2023-09-23T21:31:25.625+09:00  INFO 93025 --- [o-auto-1-exec-1] o.s.web.servlet.DispatcherServlet        : Completed initialization in 0 ms
Hibernate: select p1_0.id,p1_0.author,p1_0.content,p1_0.created_date,p1_0.modified_date,p1_0.title from posts p1_0 order by p1_0.id desc
]]></system-out>
  <system-err><![CDATA[]]></system-err>
</testsuite>
