<?xml version="1.0" encoding="UTF-8"?>
<testsuite name="com.yerin.book.springbootwebservice.domain.posts.PostsRepositoryTest" tests="2" skipped="0" failures="0" errors="0" timestamp="2023-09-24T08:52:09" hostname="yelong-ui-MacBookAir.local" time="0.418">
  <properties/>
  <testcase name="게시글저장_불러오기()" classname="com.yerin.book.springbootwebservice.domain.posts.PostsRepositoryTest" time="0.409"/>
  <testcase name="BaseTimeEntity_등록()" classname="com.yerin.book.springbootwebservice.domain.posts.PostsRepositoryTest" time="0.009"/>
  <system-out><![CDATA[17:52:06.907 [Test worker] INFO org.springframework.test.context.support.AnnotationConfigContextLoaderUtils -- Could not detect default configuration classes for test class [com.yerin.book.springbootwebservice.domain.posts.PostsRepositoryTest]: PostsRepositoryTest does not declare any static, non-private, non-final, nested classes annotated with @Configuration.
17:52:06.956 [Test worker] INFO org.springframework.boot.test.context.SpringBootTestContextBootstrapper -- Found @SpringBootConfiguration com.yerin.book.springbootwebservice.SpringbootWebserviceApplication for test class com.yerin.book.springbootwebservice.domain.posts.PostsRepositoryTest

  .   ____          _            __ _ _
 /\\ / ___'_ __ _ _(_)_ __  __ _ \ \ \ \
( ( )\___ | '_ | '_| | '_ \/ _` | \ \ \ \
 \\/  ___)| |_)| | | | | || (_| |  ) ) ) )
  '  |____| .__|_| |_|_| |_\__, | / / / /
 =========|_|==============|___/=/_/_/_/
 :: Spring Boot ::                (v3.1.2)

2023-09-24T17:52:07.139+09:00  INFO 27112 --- [    Test worker] c.y.b.s.d.posts.PostsRepositoryTest      : Starting PostsRepositoryTest using Java 17.0.7 with PID 27112 (started by yerong in /Users/yerong/study/spring/springboot-webservice)
2023-09-24T17:52:07.140+09:00  INFO 27112 --- [    Test worker] c.y.b.s.d.posts.PostsRepositoryTest      : No active profile set, falling back to 1 default profile: "default"
2023-09-24T17:52:07.461+09:00  INFO 27112 --- [    Test worker] .s.d.r.c.RepositoryConfigurationDelegate : Bootstrapping Spring Data JPA repositories in DEFAULT mode.
2023-09-24T17:52:07.487+09:00  INFO 27112 --- [    Test worker] .s.d.r.c.RepositoryConfigurationDelegate : Finished Spring Data repository scanning in 22 ms. Found 2 JPA repository interfaces.
2023-09-24T17:52:07.683+09:00  INFO 27112 --- [    Test worker] com.zaxxer.hikari.HikariDataSource       : HikariPool-1 - Starting...
2023-09-24T17:52:07.769+09:00  INFO 27112 --- [    Test worker] com.zaxxer.hikari.pool.HikariPool        : HikariPool-1 - Added connection conn0: url=jdbc:h2:mem://localhost/~/testdb user=SA
2023-09-24T17:52:07.770+09:00  INFO 27112 --- [    Test worker] com.zaxxer.hikari.HikariDataSource       : HikariPool-1 - Start completed.
2023-09-24T17:52:07.833+09:00  INFO 27112 --- [    Test worker] o.hibernate.jpa.internal.util.LogHelper  : HHH000204: Processing PersistenceUnitInfo [name: default]
2023-09-24T17:52:07.864+09:00  INFO 27112 --- [    Test worker] org.hibernate.Version                    : HHH000412: Hibernate ORM core version 6.2.6.Final
2023-09-24T17:52:07.865+09:00  INFO 27112 --- [    Test worker] org.hibernate.cfg.Environment            : HHH000406: Using bytecode reflection optimizer
2023-09-24T17:52:07.922+09:00  INFO 27112 --- [    Test worker] o.h.b.i.BytecodeProviderInitiator        : HHH000021: Bytecode provider name : bytebuddy
2023-09-24T17:52:07.981+09:00  INFO 27112 --- [    Test worker] o.s.o.j.p.SpringPersistenceUnitInfo      : No LoadTimeWeaver setup: ignoring JPA class transformer
2023-09-24T17:52:07.999+09:00  WARN 27112 --- [    Test worker] org.hibernate.orm.deprecation            : HHH90000026: MySQL57Dialect has been deprecated; use org.hibernate.dialect.MySQLDialect instead
2023-09-24T17:52:08.103+09:00  INFO 27112 --- [    Test worker] o.h.b.i.BytecodeProviderInitiator        : HHH000021: Bytecode provider name : bytebuddy
2023-09-24T17:52:08.390+09:00  INFO 27112 --- [    Test worker] o.h.e.t.j.p.i.JtaPlatformInitiator       : HHH000490: Using JtaPlatform implementation: [org.hibernate.engine.transaction.jta.platform.internal.NoJtaPlatform]
Hibernate: drop table if exists member
Hibernate: drop table if exists posts
Hibernate: create table member (created_date datetime(6), id bigint not null auto_increment, modified_date datetime(6), email varchar(255) not null, name varchar(255) not null, picture varchar(255), role enum ('GUEST','USER') not null, primary key (id)) engine=InnoDB
Hibernate: create table posts (created_date datetime(6), id bigint not null auto_increment, modified_date datetime(6), title varchar(500) not null, author varchar(255), content TEXT not null, primary key (id)) engine=InnoDB
2023-09-24T17:52:08.405+09:00  INFO 27112 --- [    Test worker] j.LocalContainerEntityManagerFactoryBean : Initialized JPA EntityManagerFactory for persistence unit 'default'
2023-09-24T17:52:08.577+09:00  INFO 27112 --- [    Test worker] o.s.d.j.r.query.QueryEnhancerFactory     : Hibernate is in classpath; If applicable, HQL parser will be used.
2023-09-24T17:52:08.774+09:00  WARN 27112 --- [    Test worker] JpaBaseConfiguration$JpaWebConfiguration : spring.jpa.open-in-view is enabled by default. Therefore, database queries may be performed during view rendering. Explicitly configure spring.jpa.open-in-view to disable this warning
2023-09-24T17:52:08.849+09:00  INFO 27112 --- [    Test worker] o.s.s.web.DefaultSecurityFilterChain     : Will secure any request with [org.springframework.security.web.session.DisableEncodeUrlFilter@12ef7db5, org.springframework.security.web.context.request.async.WebAsyncManagerIntegrationFilter@c725dfa, org.springframework.security.web.context.SecurityContextHolderFilter@1046aaa4, org.springframework.security.web.header.HeaderWriterFilter@6b72c62, org.springframework.security.web.authentication.logout.LogoutFilter@7ec01440, org.springframework.security.oauth2.client.web.OAuth2AuthorizationRequestRedirectFilter@54626326, org.springframework.security.oauth2.client.web.OAuth2LoginAuthenticationFilter@6f4e39b3, org.springframework.security.web.authentication.ui.DefaultLoginPageGeneratingFilter@c9234a0, org.springframework.security.web.authentication.ui.DefaultLogoutPageGeneratingFilter@3a8cc099, org.springframework.security.web.savedrequest.RequestCacheAwareFilter@32192a69, org.springframework.security.web.servletapi.SecurityContextHolderAwareRequestFilter@8b727cb, org.springframework.security.web.authentication.AnonymousAuthenticationFilter@756b703d, org.springframework.security.web.access.ExceptionTranslationFilter@46ee9cfd, org.springframework.security.web.access.intercept.AuthorizationFilter@4cb0e39e]
2023-09-24T17:52:08.989+09:00  INFO 27112 --- [    Test worker] o.s.b.a.w.s.WelcomePageHandlerMapping    : Adding welcome page template: index
2023-09-24T17:52:09.073+09:00  INFO 27112 --- [    Test worker] o.s.b.a.h2.H2ConsoleAutoConfiguration    : H2 console available at '/h2-console'. Database available at 'jdbc:h2:mem://localhost/~/testdb'
2023-09-24T17:52:09.160+09:00  INFO 27112 --- [    Test worker] c.y.b.s.d.posts.PostsRepositoryTest      : Started PostsRepositoryTest in 2.136 seconds (process running for 2.664)
Hibernate: insert into posts (author,content,created_date,modified_date,title) values (?,?,?,?,?)
Hibernate: select p1_0.id,p1_0.author,p1_0.content,p1_0.created_date,p1_0.modified_date,p1_0.title from posts p1_0
Hibernate: select p1_0.id,p1_0.author,p1_0.content,p1_0.created_date,p1_0.modified_date,p1_0.title from posts p1_0
Hibernate: delete from posts where id=?
Hibernate: insert into posts (author,content,created_date,modified_date,title) values (?,?,?,?,?)
Hibernate: select p1_0.id,p1_0.author,p1_0.content,p1_0.created_date,p1_0.modified_date,p1_0.title from posts p1_0
>>>>>>>>>> createDate = 2023-09-24T17:52:09.580698, modifiedDate = 2023-09-24T17:52:09.580698
Hibernate: select p1_0.id,p1_0.author,p1_0.content,p1_0.created_date,p1_0.modified_date,p1_0.title from posts p1_0
Hibernate: delete from posts where id=?
]]></system-out>
  <system-err><![CDATA[]]></system-err>
</testsuite>
