<?xml version="1.0" encoding="UTF-8"?>
<testsuite name="com.yerin.book.springbootwebservice.web.IndexControllerTest" tests="1" skipped="0" failures="0" errors="0" timestamp="2023-08-20T06:58:44" hostname="yelong-ui-MacBookAir.local" time="0.396">
  <properties/>
  <testcase name="메인페이지_로딩()" classname="com.yerin.book.springbootwebservice.web.IndexControllerTest" time="0.396"/>
  <system-out><![CDATA[15:58:42.925 [Test worker] INFO org.springframework.test.context.support.AnnotationConfigContextLoaderUtils -- Could not detect default configuration classes for test class [com.yerin.book.springbootwebservice.web.IndexControllerTest]: IndexControllerTest does not declare any static, non-private, non-final, nested classes annotated with @Configuration.
15:58:42.983 [Test worker] INFO org.springframework.boot.test.context.SpringBootTestContextBootstrapper -- Found @SpringBootConfiguration com.yerin.book.springbootwebservice.SpringbootWebserviceApplication for test class com.yerin.book.springbootwebservice.web.IndexControllerTest

  .   ____          _            __ _ _
 /\\ / ___'_ __ _ _(_)_ __  __ _ \ \ \ \
( ( )\___ | '_ | '_| | '_ \/ _` | \ \ \ \
 \\/  ___)| |_)| | | | | || (_| |  ) ) ) )
  '  |____| .__|_| |_|_| |_\__, | / / / /
 =========|_|==============|___/=/_/_/_/
 :: Spring Boot ::                (v3.1.2)

2023-08-20T15:58:43.170+09:00  INFO 48421 --- [    Test worker] c.y.b.s.web.IndexControllerTest          : Starting IndexControllerTest using Java 17.0.7 with PID 48421 (started by yerong in /Users/yerong/study/spring/springboot-webservice)
2023-08-20T15:58:43.171+09:00  INFO 48421 --- [    Test worker] c.y.b.s.web.IndexControllerTest          : The following 1 profile is active: "oauth"
2023-08-20T15:58:43.435+09:00  INFO 48421 --- [    Test worker] .s.d.r.c.RepositoryConfigurationDelegate : Bootstrapping Spring Data JPA repositories in DEFAULT mode.
2023-08-20T15:58:43.460+09:00  INFO 48421 --- [    Test worker] .s.d.r.c.RepositoryConfigurationDelegate : Finished Spring Data repository scanning in 21 ms. Found 1 JPA repository interfaces.
2023-08-20T15:58:43.705+09:00  INFO 48421 --- [    Test worker] o.s.b.w.embedded.tomcat.TomcatWebServer  : Tomcat initialized with port(s): 0 (http)
2023-08-20T15:58:43.709+09:00  INFO 48421 --- [    Test worker] o.apache.catalina.core.StandardService   : Starting service [Tomcat]
2023-08-20T15:58:43.709+09:00  INFO 48421 --- [    Test worker] o.apache.catalina.core.StandardEngine    : Starting Servlet engine: [Apache Tomcat/10.1.11]
2023-08-20T15:58:43.758+09:00  INFO 48421 --- [    Test worker] o.a.c.c.C.[Tomcat].[localhost].[/]       : Initializing Spring embedded WebApplicationContext
2023-08-20T15:58:43.758+09:00  INFO 48421 --- [    Test worker] w.s.c.ServletWebServerApplicationContext : Root WebApplicationContext: initialization completed in 578 ms
2023-08-20T15:58:43.773+09:00  INFO 48421 --- [    Test worker] com.zaxxer.hikari.HikariDataSource       : HikariPool-1 - Starting...
2023-08-20T15:58:43.858+09:00  INFO 48421 --- [    Test worker] com.zaxxer.hikari.pool.HikariPool        : HikariPool-1 - Added connection conn0: url=jdbc:h2:mem:testdb user=SA
2023-08-20T15:58:43.859+09:00  INFO 48421 --- [    Test worker] com.zaxxer.hikari.HikariDataSource       : HikariPool-1 - Start completed.
2023-08-20T15:58:43.865+09:00  INFO 48421 --- [    Test worker] o.s.b.a.h2.H2ConsoleAutoConfiguration    : H2 console available at '/h2-console'. Database available at 'jdbc:h2:mem:testdb'
2023-08-20T15:58:43.933+09:00  INFO 48421 --- [    Test worker] o.hibernate.jpa.internal.util.LogHelper  : HHH000204: Processing PersistenceUnitInfo [name: default]
2023-08-20T15:58:43.958+09:00  INFO 48421 --- [    Test worker] org.hibernate.Version                    : HHH000412: Hibernate ORM core version 6.2.6.Final
2023-08-20T15:58:43.959+09:00  INFO 48421 --- [    Test worker] org.hibernate.cfg.Environment            : HHH000406: Using bytecode reflection optimizer
2023-08-20T15:58:44.024+09:00  INFO 48421 --- [    Test worker] o.h.b.i.BytecodeProviderInitiator        : HHH000021: Bytecode provider name : bytebuddy
2023-08-20T15:58:44.083+09:00  INFO 48421 --- [    Test worker] o.s.o.j.p.SpringPersistenceUnitInfo      : No LoadTimeWeaver setup: ignoring JPA class transformer
2023-08-20T15:58:44.177+09:00  INFO 48421 --- [    Test worker] o.h.b.i.BytecodeProviderInitiator        : HHH000021: Bytecode provider name : bytebuddy
2023-08-20T15:58:44.446+09:00  INFO 48421 --- [    Test worker] o.h.e.t.j.p.i.JtaPlatformInitiator       : HHH000490: Using JtaPlatform implementation: [org.hibernate.engine.transaction.jta.platform.internal.NoJtaPlatform]
Hibernate: drop table if exists posts cascade 
Hibernate: create table posts (create_date timestamp(6), id bigint generated by default as identity, modified_date timestamp(6), title varchar(500) not null, author varchar(255), content TEXT not null, primary key (id))
2023-08-20T15:58:44.461+09:00  INFO 48421 --- [    Test worker] j.LocalContainerEntityManagerFactoryBean : Initialized JPA EntityManagerFactory for persistence unit 'default'
2023-08-20T15:58:44.593+09:00  WARN 48421 --- [    Test worker] JpaBaseConfiguration$JpaWebConfiguration : spring.jpa.open-in-view is enabled by default. Therefore, database queries may be performed during view rendering. Explicitly configure spring.jpa.open-in-view to disable this warning
2023-08-20T15:58:44.698+09:00  INFO 48421 --- [    Test worker] o.s.b.a.w.s.WelcomePageHandlerMapping    : Adding welcome page template: index
2023-08-20T15:58:44.811+09:00  INFO 48421 --- [    Test worker] o.s.b.w.embedded.tomcat.TomcatWebServer  : Tomcat started on port(s): 50486 (http) with context path ''
2023-08-20T15:58:44.823+09:00  INFO 48421 --- [    Test worker] c.y.b.s.web.IndexControllerTest          : Started IndexControllerTest in 1.777 seconds (process running for 2.3)
2023-08-20T15:58:45.169+09:00  INFO 48421 --- [o-auto-1-exec-1] o.a.c.c.C.[Tomcat].[localhost].[/]       : Initializing Spring DispatcherServlet 'dispatcherServlet'
2023-08-20T15:58:45.169+09:00  INFO 48421 --- [o-auto-1-exec-1] o.s.web.servlet.DispatcherServlet        : Initializing Servlet 'dispatcherServlet'
2023-08-20T15:58:45.169+09:00  INFO 48421 --- [o-auto-1-exec-1] o.s.web.servlet.DispatcherServlet        : Completed initialization in 0 ms
]]></system-out>
  <system-err><![CDATA[]]></system-err>
</testsuite>
