<?xml version="1.0" encoding="UTF-8"?>
<testsuite name="com.yerin.book.springbootwebservice.SpringbootWebserviceApplicationTests" tests="1" skipped="0" failures="0" errors="0" timestamp="2023-09-23T08:02:14" hostname="yelong-ui-MacBookAir.local" time="0.293">
  <properties/>
  <testcase name="contextLoads()" classname="com.yerin.book.springbootwebservice.SpringbootWebserviceApplicationTests" time="0.293"/>
  <system-out><![CDATA[17:02:11.944 [Test worker] INFO org.springframework.test.context.support.AnnotationConfigContextLoaderUtils -- Could not detect default configuration classes for test class [com.yerin.book.springbootwebservice.SpringbootWebserviceApplicationTests]: SpringbootWebserviceApplicationTests does not declare any static, non-private, non-final, nested classes annotated with @Configuration.
17:02:11.991 [Test worker] INFO org.springframework.boot.test.context.SpringBootTestContextBootstrapper -- Found @SpringBootConfiguration com.yerin.book.springbootwebservice.SpringbootWebserviceApplication for test class com.yerin.book.springbootwebservice.SpringbootWebserviceApplicationTests

  .   ____          _            __ _ _
 /\\ / ___'_ __ _ _(_)_ __  __ _ \ \ \ \
( ( )\___ | '_ | '_| | '_ \/ _` | \ \ \ \
 \\/  ___)| |_)| | | | | || (_| |  ) ) ) )
  '  |____| .__|_| |_|_| |_\__, | / / / /
 =========|_|==============|___/=/_/_/_/
 :: Spring Boot ::                (v3.1.2)

2023-09-23T17:02:12.191+09:00  INFO 8587 --- [    Test worker] b.s.SpringbootWebserviceApplicationTests : Starting SpringbootWebserviceApplicationTests using Java 17.0.7 with PID 8587 (started by yerong in /Users/yerong/study/spring/springboot-webservice)
2023-09-23T17:02:12.192+09:00  INFO 8587 --- [    Test worker] b.s.SpringbootWebserviceApplicationTests : No active profile set, falling back to 1 default profile: "default"
2023-09-23T17:02:12.559+09:00  INFO 8587 --- [    Test worker] .s.d.r.c.RepositoryConfigurationDelegate : Bootstrapping Spring Data JPA repositories in DEFAULT mode.
2023-09-23T17:02:12.587+09:00  INFO 8587 --- [    Test worker] .s.d.r.c.RepositoryConfigurationDelegate : Finished Spring Data repository scanning in 24 ms. Found 2 JPA repository interfaces.
2023-09-23T17:02:12.791+09:00  INFO 8587 --- [    Test worker] com.zaxxer.hikari.HikariDataSource       : HikariPool-1 - Starting...
2023-09-23T17:02:12.888+09:00  INFO 8587 --- [    Test worker] com.zaxxer.hikari.pool.HikariPool        : HikariPool-1 - Added connection conn0: url=jdbc:h2:mem:51498cc6-6cda-4fe3-b8d0-d64e0eede9b5 user=SA
2023-09-23T17:02:12.889+09:00  INFO 8587 --- [    Test worker] com.zaxxer.hikari.HikariDataSource       : HikariPool-1 - Start completed.
2023-09-23T17:02:12.955+09:00  INFO 8587 --- [    Test worker] o.hibernate.jpa.internal.util.LogHelper  : HHH000204: Processing PersistenceUnitInfo [name: default]
2023-09-23T17:02:12.989+09:00  INFO 8587 --- [    Test worker] org.hibernate.Version                    : HHH000412: Hibernate ORM core version 6.2.6.Final
2023-09-23T17:02:12.990+09:00  INFO 8587 --- [    Test worker] org.hibernate.cfg.Environment            : HHH000406: Using bytecode reflection optimizer
2023-09-23T17:02:13.054+09:00  INFO 8587 --- [    Test worker] o.h.b.i.BytecodeProviderInitiator        : HHH000021: Bytecode provider name : bytebuddy
2023-09-23T17:02:13.117+09:00  INFO 8587 --- [    Test worker] o.s.o.j.p.SpringPersistenceUnitInfo      : No LoadTimeWeaver setup: ignoring JPA class transformer
2023-09-23T17:02:13.227+09:00  INFO 8587 --- [    Test worker] o.h.b.i.BytecodeProviderInitiator        : HHH000021: Bytecode provider name : bytebuddy
2023-09-23T17:02:13.563+09:00  INFO 8587 --- [    Test worker] o.h.e.t.j.p.i.JtaPlatformInitiator       : HHH000490: Using JtaPlatform implementation: [org.hibernate.engine.transaction.jta.platform.internal.NoJtaPlatform]
Hibernate: drop table if exists member cascade 
Hibernate: drop table if exists posts cascade 
Hibernate: create table member (created_date timestamp(6), id bigint generated by default as identity, modified_date timestamp(6), email varchar(255) not null, name varchar(255) not null, picture varchar(255), role varchar(255) not null check (role in ('GUEST','USER')), primary key (id))
Hibernate: create table posts (created_date timestamp(6), id bigint generated by default as identity, modified_date timestamp(6), title varchar(500) not null, author varchar(255), content TEXT not null, primary key (id))
2023-09-23T17:02:13.582+09:00  INFO 8587 --- [    Test worker] j.LocalContainerEntityManagerFactoryBean : Initialized JPA EntityManagerFactory for persistence unit 'default'
2023-09-23T17:02:13.752+09:00  INFO 8587 --- [    Test worker] o.s.d.j.r.query.QueryEnhancerFactory     : Hibernate is in classpath; If applicable, HQL parser will be used.
2023-09-23T17:02:13.937+09:00  WARN 8587 --- [    Test worker] JpaBaseConfiguration$JpaWebConfiguration : spring.jpa.open-in-view is enabled by default. Therefore, database queries may be performed during view rendering. Explicitly configure spring.jpa.open-in-view to disable this warning
2023-09-23T17:02:14.011+09:00  INFO 8587 --- [    Test worker] o.s.s.web.DefaultSecurityFilterChain     : Will secure any request with [org.springframework.security.web.session.DisableEncodeUrlFilter@29ceefb3, org.springframework.security.web.context.request.async.WebAsyncManagerIntegrationFilter@f14d079, org.springframework.security.web.context.SecurityContextHolderFilter@6a94bd69, org.springframework.security.web.header.HeaderWriterFilter@3bd1c7f0, org.springframework.security.web.authentication.logout.LogoutFilter@301b89e1, org.springframework.security.oauth2.client.web.OAuth2AuthorizationRequestRedirectFilter@6ed87b1c, org.springframework.security.oauth2.client.web.OAuth2LoginAuthenticationFilter@490dfe25, org.springframework.security.web.authentication.ui.DefaultLoginPageGeneratingFilter@299e245c, org.springframework.security.web.authentication.ui.DefaultLogoutPageGeneratingFilter@d0456ad, org.springframework.security.web.savedrequest.RequestCacheAwareFilter@7966a964, org.springframework.security.web.servletapi.SecurityContextHolderAwareRequestFilter@5f1bd673, org.springframework.security.web.authentication.AnonymousAuthenticationFilter@12dd3501, org.springframework.security.web.access.ExceptionTranslationFilter@da2303c, org.springframework.security.web.access.intercept.AuthorizationFilter@540ac21e]
2023-09-23T17:02:14.180+09:00  INFO 8587 --- [    Test worker] o.s.b.a.w.s.WelcomePageHandlerMapping    : Adding welcome page template: index
2023-09-23T17:02:14.258+09:00  INFO 8587 --- [    Test worker] o.s.b.a.h2.H2ConsoleAutoConfiguration    : H2 console available at '/h2-console'. Database available at 'jdbc:h2:mem:51498cc6-6cda-4fe3-b8d0-d64e0eede9b5'
2023-09-23T17:02:14.356+09:00  INFO 8587 --- [    Test worker] b.s.SpringbootWebserviceApplicationTests : Started SpringbootWebserviceApplicationTests in 2.286 seconds (process running for 2.86)
]]></system-out>
  <system-err><![CDATA[]]></system-err>
</testsuite>
