<?xml version="1.0" encoding="UTF-8"?>
<testsuite name="com.yerin.book.springbootwebservice.web.HelloControllerTest" tests="2" skipped="0" failures="0" errors="0" timestamp="2023-09-15T16:49:33" hostname="yelong-ui-MacBookAir.local" time="0.05">
  <properties/>
  <testcase name="hello가_리턴된다()" classname="com.yerin.book.springbootwebservice.web.HelloControllerTest" time="0.016"/>
  <testcase name="helloDto가_리턴된다()" classname="com.yerin.book.springbootwebservice.web.HelloControllerTest" time="0.033"/>
  <system-out><![CDATA[2023-09-16T01:49:33.883+09:00  INFO 98980 --- [    Test worker] t.c.s.AnnotationConfigContextLoaderUtils : Could not detect default configuration classes for test class [com.yerin.book.springbootwebservice.web.HelloControllerTest]: HelloControllerTest does not declare any static, non-private, non-final, nested classes annotated with @Configuration.
2023-09-16T01:49:33.888+09:00  INFO 98980 --- [    Test worker] .b.t.c.SpringBootTestContextBootstrapper : Found @SpringBootConfiguration com.yerin.book.springbootwebservice.SpringbootWebserviceApplication for test class com.yerin.book.springbootwebservice.web.HelloControllerTest

  .   ____          _            __ _ _
 /\\ / ___'_ __ _ _(_)_ __  __ _ \ \ \ \
( ( )\___ | '_ | '_| | '_ \/ _` | \ \ \ \
 \\/  ___)| |_)| | | | | || (_| |  ) ) ) )
  '  |____| .__|_| |_|_| |_\__, | / / / /
 =========|_|==============|___/=/_/_/_/
 :: Spring Boot ::                (v3.1.2)

2023-09-16T01:49:33.899+09:00  INFO 98980 --- [    Test worker] c.y.b.s.web.HelloControllerTest          : Starting HelloControllerTest using Java 17.0.7 with PID 98980 (started by yerong in /Users/yerong/study/spring/springboot-webservice)
2023-09-16T01:49:33.899+09:00  INFO 98980 --- [    Test worker] c.y.b.s.web.HelloControllerTest          : No active profile set, falling back to 1 default profile: "default"
2023-09-16T01:49:33.973+09:00  INFO 98980 --- [    Test worker] o.s.b.a.w.s.WelcomePageHandlerMapping    : Adding welcome page template: index
2023-09-16T01:49:33.986+09:00  INFO 98980 --- [    Test worker] o.s.s.web.DefaultSecurityFilterChain     : Will secure any request with [org.springframework.security.web.session.DisableEncodeUrlFilter@4a729612, org.springframework.security.web.context.request.async.WebAsyncManagerIntegrationFilter@2e6fa551, org.springframework.security.web.context.SecurityContextHolderFilter@13485e82, org.springframework.security.web.header.HeaderWriterFilter@4c9bf90b, org.springframework.security.web.csrf.CsrfFilter@11763e57, org.springframework.security.web.authentication.logout.LogoutFilter@33bd86fe, org.springframework.security.oauth2.client.web.OAuth2AuthorizationRequestRedirectFilter@4d8f917f, org.springframework.security.oauth2.client.web.OAuth2AuthorizationRequestRedirectFilter@2be0ea4a, org.springframework.security.oauth2.client.web.OAuth2LoginAuthenticationFilter@125a6446, org.springframework.security.web.authentication.ui.DefaultLoginPageGeneratingFilter@339cedbb, org.springframework.security.web.authentication.ui.DefaultLogoutPageGeneratingFilter@427a4d68, org.springframework.security.web.savedrequest.RequestCacheAwareFilter@336c4e3a, org.springframework.security.web.servletapi.SecurityContextHolderAwareRequestFilter@205c0b1a, org.springframework.security.web.authentication.AnonymousAuthenticationFilter@72722a6b, org.springframework.security.oauth2.client.web.OAuth2AuthorizationCodeGrantFilter@34408f1b, org.springframework.security.web.access.ExceptionTranslationFilter@27e688ad, org.springframework.security.web.access.intercept.AuthorizationFilter@27dc95b9]
2023-09-16T01:49:33.993+09:00  INFO 98980 --- [    Test worker] o.s.b.t.m.w.SpringBootMockServletContext : Initializing Spring TestDispatcherServlet ''
2023-09-16T01:49:33.993+09:00  INFO 98980 --- [    Test worker] o.s.t.web.servlet.TestDispatcherServlet  : Initializing Servlet ''
2023-09-16T01:49:33.994+09:00  INFO 98980 --- [    Test worker] o.s.t.web.servlet.TestDispatcherServlet  : Completed initialization in 1 ms
2023-09-16T01:49:33.996+09:00  INFO 98980 --- [    Test worker] c.y.b.s.web.HelloControllerTest          : Started HelloControllerTest in 0.105 seconds (process running for 3.685)
]]></system-out>
  <system-err><![CDATA[]]></system-err>
</testsuite>
